Starting flye bbd in /home/jc840494/marine-genomics/flye at Wed 15 Jul 2026 00:05:07 UTC
[2026-07-15 00:05:07] INFO: Starting Flye 2.9.6-b1802
[2026-07-15 00:05:07] INFO: >>>STAGE: configure
[2026-07-15 00:05:07] INFO: Configuring run
[2026-07-15 00:07:03] INFO: Total read length: 2923797967
[2026-07-15 00:07:03] INFO: Reads N50/N90: 2453 / 698
[2026-07-15 00:07:03] INFO: Minimum overlap set to 1000
[2026-07-15 00:07:03] INFO: >>>STAGE: assembly
[2026-07-15 00:07:03] INFO: Assembling disjointigs
[2026-07-15 00:07:03] INFO: Reading sequences
[2026-07-15 00:08:02] INFO: Building minimizer index
[2026-07-15 00:08:02] INFO: Pre-calculating index storage
0% 10% 20% 30% 40% 50% 60% 70% 80% 90% 100% 
[2026-07-15 00:08:55] INFO: Filling index
0% 10% 20% 30% 40% 50% 60% 70% 80% 90% 100% 
[2026-07-15 00:09:44] INFO: Extending reads
[2026-07-15 00:10:00] INFO: Overlap-based coverage: 32
[2026-07-15 00:10:00] INFO: Median overlap divergence: 0.0455975
0% 10% 20% 30% 40% 50% 60% 70% 80% 90% 100% 
[2026-07-15 00:15:22] INFO: Assembled 23759 disjointigs
[2026-07-15 00:15:26] INFO: Generating sequence
0% 10% 20% 30% 40% 50% 60% 70% 80% 90% 100% 
[2026-07-15 00:15:36] INFO: Filtering contained disjointigs
0% 10% 20% 30% 40% 50% 60% 70% 80% 90% 100% 
[2026-07-15 00:15:51] INFO: Contained seqs: 599
[2026-07-15 00:15:56] INFO: >>>STAGE: consensus
[2026-07-15 00:15:56] INFO: Running Minimap2
[2026-07-15 00:24:21] INFO: Computing consensus
[2026-07-15 00:29:31] INFO: Alignment error rate: 0.060993
[2026-07-15 00:29:33] INFO: >>>STAGE: repeat
[2026-07-15 00:29:33] INFO: Building and resolving repeat graph
[2026-07-15 00:29:33] INFO: Parsing disjointigs
[2026-07-15 00:29:34] INFO: Building repeat graph
0% 10% 20% 30% 40% 50% 60% 70% 80% 90% 100% 
[2026-07-15 00:30:36] INFO: Median overlap divergence: 0.0970334
[2026-07-15 00:31:35] INFO: Parsing reads
[2026-07-15 00:33:02] INFO: Aligning reads to the graph
0% 10% 20% 30% 40% 50% 60% 70% 80% 90% 100% 
[2026-07-15 00:36:09] INFO: Aligned read sequence: 1693883579 / 2408253119 (0.703366)
[2026-07-15 00:36:09] INFO: Median overlap divergence: 0.0249524
[2026-07-15 00:36:10] INFO: Mean edge coverage: 12
[2026-07-15 00:36:10] INFO: Simplifying the graph
[2026-07-15 00:36:34] INFO: >>>STAGE: contigger
[2026-07-15 00:36:34] INFO: Generating contigs
[2026-07-15 00:36:34] INFO: Reading sequences
[2026-07-15 00:37:38] INFO: Generated 8061 contigs
[2026-07-15 00:37:39] INFO: Added 4 scaffold connections
[2026-07-15 00:37:45] INFO: >>>STAGE: polishing
[2026-07-15 00:37:45] INFO: Polishing genome (1/1)
[2026-07-15 00:37:45] INFO: Running minimap2
[2026-07-15 00:43:51] INFO: Separating alignment into bubbles
[2026-07-15 00:48:12] INFO: Alignment error rate: 0.041947
[2026-07-15 00:48:12] INFO: Correcting bubbles
0% 10% 20% 30% 40% 50% 60% 70% 80% 90% 100% 
[2026-07-15 00:59:48] INFO: >>>STAGE: finalize
[2026-07-15 00:59:50] INFO: Assembly statistics:

	Total length:	66628245
	Fragments:	7980
	Fragments N50:	13004
	Largest frg:	4706700
	Scaffolds:	0
	Mean coverage:	32

[2026-07-15 00:59:50] INFO: Final assembly: /home/jc840494/marine-genomics/flye/bbd/assembly.fasta
Finished flye bbd in /home/jc840494/marine-genomics/flye at Wed 15 Jul 2026 00:59:50 UTC
